Starting FIFO Round-Robin Scheduler...
Process 1 (PID=5205) started first.
Process 1 (PID=5205) paused, remaining time: 2900 ms
Process 2 (PID=5206) resumed, remaining time: 3000 ms
Process 2 (PID=5206) paused, remaining time: 2900 ms
Process 3 (PID=5207) resumed, remaining time: 3000 ms
Process 3 (PID=5207) paused, remaining time: 2900 ms
Process 1 (PID=5205) resumed, remaining time: 2900 ms
Process 1 (PID=5205) paused, remaining time: 2800 ms
Process 2 (PID=5206) resumed, remaining time: 2900 ms
Process 2 (PID=5206) paused, remaining time: 2800 ms
Process 3 (PID=5207) resumed, remaining time: 2900 ms
Process 3 (PID=5207) paused, remaining time: 2800 ms
Process 1 (PID=5205) resumed, remaining time: 2800 ms
Process 1 (PID=5205) paused, remaining time: 2700 ms
Process 2 (PID=5206) resumed, remaining time: 2800 ms
Process 2 (PID=5206) paused, remaining time: 2700 ms
Process 3 (PID=5207) resumed, remaining time: 2800 ms
Process 3 (PID=5207) paused, remaining time: 2700 ms
Process 1 (PID=5205) resumed, remaining time: 2700 ms
Process 1 (PID=5205) paused, remaining time: 2600 ms
Process 2 (PID=5206) resumed, remaining time: 2700 ms
Process 2 (PID=5206) paused, remaining time: 2600 ms
Process 3 (PID=5207) resumed, remaining time: 2700 ms
Process 3 (PID=5207) paused, remaining time: 2600 ms
Process 1 (PID=5205) resumed, remaining time: 2600 ms
Process 1 (PID=5205) paused, remaining time: 2500 ms
Process 2 (PID=5206) resumed, remaining time: 2600 ms
Process 2 (PID=5206) paused, remaining time: 2500 ms
Process 3 (PID=5207) resumed, remaining time: 2600 ms
Process 3 (PID=5207) paused, remaining time: 2500 ms
Process 1 (PID=5205) resumed, remaining time: 2500 ms
Process 1 (PID=5205) paused, remaining time: 2400 ms
Process 2 (PID=5206) resumed, remaining time: 2500 ms
Process 2 (PID=5206) paused, remaining time: 2400 ms
Process 3 (PID=5207) resumed, remaining time: 2500 ms
Process 3 (PID=5207) paused, remaining time: 2400 ms
Process 1 (PID=5205) resumed, remaining time: 2400 ms
Process 1 (PID=5205) paused, remaining time: 2300 ms
Process 2 (PID=5206) resumed, remaining time: 2400 ms
Process 2 (PID=5206) paused, remaining time: 2300 ms
Process 3 (PID=5207) resumed, remaining time: 2400 ms
Process 3 (PID=5207) paused, remaining time: 2300 ms
Process 1 (PID=5205) resumed, remaining time: 2300 ms
Process 1 (PID=5205) paused, remaining time: 2200 ms
Process 2 (PID=5206) resumed, remaining time: 2300 ms
Process 2 (PID=5206) paused, remaining time: 2200 ms
Process 3 (PID=5207) resumed, remaining time: 2300 ms
Process 3 (PID=5207) paused, remaining time: 2200 ms
Process 1 (PID=5205) resumed, remaining time: 2200 ms
Process 1 (PID=5205) paused, remaining time: 2100 ms
Process 2 (PID=5206) resumed, remaining time: 2200 ms
Process 2 (PID=5206) paused, remaining time: 2100 ms
Process 3 (PID=5207) resumed, remaining time: 2200 ms
Process 3 (PID=5207) paused, remaining time: 2100 ms
Process 1 (PID=5205) resumed, remaining time: 2100 ms
Process 1 (PID=5205) paused, remaining time: 2000 ms
Process 2 (PID=5206) resumed, remaining time: 2100 ms
Process 2 (PID=5206) paused, remaining time: 2000 ms
Process 3 (PID=5207) resumed, remaining time: 2100 ms
Process 3 (PID=5207) paused, remaining time: 2000 ms
Process 1 (PID=5205) resumed, remaining time: 2000 ms
Process 1 (PID=5205) paused, remaining time: 1900 ms
Process 2 (PID=5206) resumed, remaining time: 2000 ms
Process 2 (PID=5206) paused, remaining time: 1900 ms
Process 3 (PID=5207) resumed, remaining time: 2000 ms
Process 3 (PID=5207) paused, remaining time: 1900 ms
Process 1 (PID=5205) resumed, remaining time: 1900 ms
Process 1 (PID=5205) paused, remaining time: 1800 ms
Process 2 (PID=5206) resumed, remaining time: 1900 ms
Process 2 (PID=5206) paused, remaining time: 1800 ms
Process 3 (PID=5207) resumed, remaining time: 1900 ms
Process 3 (PID=5207) paused, remaining time: 1800 ms
Process 1 (PID=5205) resumed, remaining time: 1800 ms
Process 1 (PID=5205) paused, remaining time: 1700 ms
Process 2 (PID=5206) resumed, remaining time: 1800 ms
Process 2 (PID=5206) paused, remaining time: 1700 ms
Process 3 (PID=5207) resumed, remaining time: 1800 ms
Process 3 (PID=5207) paused, remaining time: 1700 ms
Process 1 (PID=5205) resumed, remaining time: 1700 ms
Process 1 (PID=5205) paused, remaining time: 1600 ms
Process 2 (PID=5206) resumed, remaining time: 1700 ms
Process 2 (PID=5206) paused, remaining time: 1600 ms
Process 3 (PID=5207) resumed, remaining time: 1700 ms
Process 3 (PID=5207) paused, remaining time: 1600 ms
Process 1 (PID=5205) resumed, remaining time: 1600 ms
Process 1 (PID=5205) paused, remaining time: 1500 ms
Process 2 (PID=5206) resumed, remaining time: 1600 ms
Process 2 (PID=5206) paused, remaining time: 1500 ms
Process 3 (PID=5207) resumed, remaining time: 1600 ms
Process 3 (PID=5207) paused, remaining time: 1500 ms
Process 1 (PID=5205) resumed, remaining time: 1500 ms
Process 1 (PID=5205) paused, remaining time: 1400 ms
Process 2 (PID=5206) resumed, remaining time: 1500 ms
Process 2 (PID=5206) paused, remaining time: 1400 ms
Process 3 (PID=5207) resumed, remaining time: 1500 ms
Process 3 (PID=5207) paused, remaining time: 1400 ms
Process 1 (PID=5205) resumed, remaining time: 1400 ms
Process 1 (PID=5205) paused, remaining time: 1300 ms
Process 2 (PID=5206) resumed, remaining time: 1400 ms
Process 2 (PID=5206) paused, remaining time: 1300 ms
Process 3 (PID=5207) resumed, remaining time: 1400 ms
Process 3 (PID=5207) paused, remaining time: 1300 ms
Process 1 (PID=5205) resumed, remaining time: 1300 ms
Process 1 (PID=5205) paused, remaining time: 1200 ms
Process 2 (PID=5206) resumed, remaining time: 1300 ms
Process 2 (PID=5206) paused, remaining time: 1200 ms
Process 3 (PID=5207) resumed, remaining time: 1300 ms
Process 3 (PID=5207) paused, remaining time: 1200 ms
Process 1 (PID=5205) resumed, remaining time: 1200 ms
Process 1 (PID=5205) paused, remaining time: 1100 ms
Process 2 (PID=5206) resumed, remaining time: 1200 ms
Process 2 (PID=5206) paused, remaining time: 1100 ms
Process 3 (PID=5207) resumed, remaining time: 1200 ms
Process 3 (PID=5207) paused, remaining time: 1100 ms
Process 1 (PID=5205) resumed, remaining time: 1100 ms
Process 1 (PID=5205) paused, remaining time: 1000 ms
Process 2 (PID=5206) resumed, remaining time: 1100 ms
Process 2 (PID=5206) paused, remaining time: 1000 ms
Process 3 (PID=5207) resumed, remaining time: 1100 ms
Process 3 (PID=5207) paused, remaining time: 1000 ms
Process 1 (PID=5205) resumed, remaining time: 1000 ms
Process 1 (PID=5205) paused, remaining time: 900 ms
Process 2 (PID=5206) resumed, remaining time: 1000 ms
Process 2 (PID=5206) paused, remaining time: 900 ms
Process 3 (PID=5207) resumed, remaining time: 1000 ms
Process 3 (PID=5207) paused, remaining time: 900 ms
Process 1 (PID=5205) resumed, remaining time: 900 ms
Process 1 (PID=5205) paused, remaining time: 800 ms
Process 2 (PID=5206) resumed, remaining time: 900 ms
Process 2 (PID=5206) paused, remaining time: 800 ms
Process 3 (PID=5207) resumed, remaining time: 900 ms
Process 3 (PID=5207) paused, remaining time: 800 ms
Process 1 (PID=5205) resumed, remaining time: 800 ms
Process 1 (PID=5205) paused, remaining time: 700 ms
Process 2 (PID=5206) resumed, remaining time: 800 ms
Process 2 (PID=5206) paused, remaining time: 700 ms
Process 3 (PID=5207) resumed, remaining time: 800 ms
Process 3 (PID=5207) paused, remaining time: 700 ms
Process 1 (PID=5205) resumed, remaining time: 700 ms
Process 1 (PID=5205) paused, remaining time: 600 ms
Process 2 (PID=5206) resumed, remaining time: 700 ms
Process 2 (PID=5206) paused, remaining time: 600 ms
Process 3 (PID=5207) resumed, remaining time: 700 ms
Process 3 (PID=5207) paused, remaining time: 600 ms
Process 1 (PID=5205) resumed, remaining time: 600 ms
Process 1 (PID=5205) paused, remaining time: 500 ms
Process 2 (PID=5206) resumed, remaining time: 600 ms
Process 2 (PID=5206) paused, remaining time: 500 ms
Process 3 (PID=5207) resumed, remaining time: 600 ms
Process 3 (PID=5207) paused, remaining time: 500 ms
Process 1 (PID=5205) resumed, remaining time: 500 ms
Process 1 (PID=5205) paused, remaining time: 400 ms
Process 2 (PID=5206) resumed, remaining time: 500 ms
Process 2 (PID=5206) paused, remaining time: 400 ms
Process 3 (PID=5207) resumed, remaining time: 500 ms
Process 3 (PID=5207) paused, remaining time: 400 ms
Process 1 (PID=5205) resumed, remaining time: 400 ms
Process 1 (PID=5205) paused, remaining time: 300 ms
Process 2 (PID=5206) resumed, remaining time: 400 ms
Process 2 (PID=5206) paused, remaining time: 300 ms
Process 3 (PID=5207) resumed, remaining time: 400 ms
Process 3 (PID=5207) paused, remaining time: 300 ms
Process 1 (PID=5205) resumed, remaining time: 300 ms
Process 1 (PID=5205) paused, remaining time: 200 ms
Process 2 (PID=5206) resumed, remaining time: 300 ms
Process 2 (PID=5206) paused, remaining time: 200 ms
Process 3 (PID=5207) resumed, remaining time: 300 ms
Process 3 (PID=5207) paused, remaining time: 200 ms
Process 1 (PID=5205) resumed, remaining time: 200 ms
Process 1 (PID=5205) paused, remaining time: 100 ms
Process 2 (PID=5206) resumed, remaining time: 200 ms
Process 2 (PID=5206) paused, remaining time: 100 ms
Process 3 (PID=5207) resumed, remaining time: 200 ms
Process 3 (PID=5207) paused, remaining time: 100 ms
Process 1 (PID=5205) resumed, remaining time: 100 ms
Process 1 (PID=5205) finished execution.
Process 2 (PID=5207) resumed, remaining time: 100 ms
Process 2 (PID=5207) finished execution.
Process 1 (PID=5206) resumed, remaining time: 100 ms
Process 1 (PID=5206) finished execution.
All processes completed.
All processes completed.
